# JRE version: OpenJDK Runtime Environment (8.0) (build 1.8.0-25-microsoft-b00)
# Java VM: OpenJDK 64-Bit Server VM (25.71-b00 mixed mode windows-amd64 compressed oops)
Heap:
 PSYoungGen      total 27648K, used 15156K [0x000000076b000000, 0x000000076d600000, 0x00000007c0000000)
  eden space 21504K, 70% used [0x000000076b000000,0x000000076becd1c0,0x000000076c500000)
  from space 6144K, 0% used [0x000000076c500000,0x000000076c500000,0x000000076cb00000)
  to   space 8704K, 0% used [0x000000076cd80000,0x000000076cd80000,0x000000076d600000)
 ParOldGen       total 12288K, used 12276K [0x00000006c1000000, 0x00000006c1c00000, 0x000000076b000000)
  object space 12288K, 99% used [0x00000006c1000000,0x00000006c1bfd0e8,0x00000006c1c00000)
 Metaspace       used 8048K, capacity 8852K, committed 9216K, reserved 1056768K
  class space    used 885K, capacity 912K, committed 1024K, reserved 1048576K
GC Heap History (10 events):
Event: 0.320 GC heap before
{Heap before GC invocations=8 (full 1):
 PSYoungGen      total 14848K, used 3044K [0x000000076b000000, 0x000000076d300000, 0x00000007c0000000)
  eden space 11776K, 0% used [0x000000076b000000,0x000000076b000000,0x000000076bb80000)
  from space 3072K, 99% used [0x000000076bb80000,0x000000076be792e0,0x000000076be80000)
  to   space 6144K, 0% used [0x000000076cd00000,0x000000076cd00000,0x000000076d300000)
 ParOldGen       total 7680K, used 7602K [0x00000006c1000000, 0x00000006c1780000, 0x000000076b000000)
  object space 7680K, 98% used [0x00000006c1000000,0x00000006c176c960,0x00000006c1780000)
 Metaspace       used 7301K, capacity 8180K, committed 8320K, reserved 1056768K
  class space    used 858K, capacity 880K, committed 896K, reserved 1048576K
Event: 0.341 GC heap after
Heap after GC invocations=8 (full 1):
 PSYoungGen      total 14848K, used 2531K [0x000000076b000000, 0x000000076d300000, 0x00000007c0000000)
  eden space 11776K, 0% used [0x000000076b000000,0x000000076b000000,0x000000076bb80000)
  from space 3072K, 82% used [0x000000076bb80000,0x000000076bdf8fd8,0x000000076be80000)
  to   space 6144K, 0% used [0x000000076cd00000,0x000000076cd00000,0x000000076d300000)
 ParOldGen       total 12288K, used 5766K [0x00000006c1000000, 0x00000006c1c00000, 0x000000076b000000)
  object space 12288K, 46% used [0x00000006c1000000,0x00000006c15a1a00,0x00000006c1c00000)
 Metaspace       used 7301K, capacity 8180K, committed 8320K, reserved 1056768K
  class space    used 858K, capacity 880K, committed 896K, reserved 1048576K
}
Event: 0.398 GC heap before
{Heap before GC invocations=9 (full 1):
 PSYoungGen      total 14848K, used 14307K [0x000000076b000000, 0x000000076d300000, 0x00000007c0000000)
  eden space 11776K, 100% used [0x000000076b000000,0x000000076bb80000,0x000000076bb80000)
  from space 3072K, 82% used [0x000000076bb80000,0x000000076bdf8fd8,0x000000076be80000)
  to   space 6144K, 0% used [0x000000076cd00000,0x000000076cd00000,0x000000076d300000)
 ParOldGen       total 12288K, used 5766K [0x00000006c1000000, 0x00000006c1c00000, 0x000000076b000000)
  object space 12288K, 46% used [0x00000006c1000000,0x00000006c15a1a00,0x00000006c1c00000)
 Metaspace       used 7391K, capacity 8244K, committed 8320K, reserved 1056768K
  class space    used 858K, capacity 880K, committed 896K, reserved 1048576K
Event: 0.400 GC heap after
Heap after GC invocations=9 (full 1):
 PSYoungGen      total 20992K, used 3642K [0x000000076b000000, 0x000000076d100000, 0x00000007c0000000)
  eden space 16896K, 0% used [0x000000076b000000,0x000000076b000000,0x000000076c080000)
  from space 4096K, 88% used [0x000000076cd00000,0x000000076d08e858,0x000000076d100000)
  to   space 6144K, 0% used [0x000000076c500000,0x000000076c500000,0x000000076cb00000)
 ParOldGen       total 12288K, used 5774K [0x00000006c1000000, 0x00000006c1c00000, 0x000000076b000000)
  object space 12288K, 46% used [0x00000006c1000000,0x00000006c15a3a00,0x00000006c1c00000)
 Metaspace       used 7391K, capacity 8244K, committed 8320K, reserved 1056768K
  class space    used 858K, capacity 880K, committed 896K, reserved 1048576K
}
Event: 0.467 GC heap before
{Heap before GC invocations=10 (full 1):
 PSYoungGen      total 20992K, used 20538K [0x000000076b000000, 0x000000076d100000, 0x00000007c0000000)
  eden space 16896K, 100% used [0x000000076b000000,0x000000076c080000,0x000000076c080000)
  from space 4096K, 88% used [0x000000076cd00000,0x000000076d08e858,0x000000076d100000)
  to   space 6144K, 0% used [0x000000076c500000,0x000000076c500000,0x000000076cb00000)
 ParOldGen       total 12288K, used 5774K [0x00000006c1000000, 0x00000006c1c00000, 0x000000076b000000)
  object space 12288K, 46% used [0x00000006c1000000,0x00000006c15a3a00,0x00000006c1c00000)
 Metaspace       used 7637K, capacity 8468K, committed 8704K, reserved 1056768K
  class space    used 871K, capacity 912K, committed 1024K, reserved 1048576K
Event: 0.471 GC heap after
Heap after GC invocations=10 (full 1):
 PSYoungGen      total 27648K, used 6121K [0x000000076b000000, 0x000000076d600000, 0x00000007c0000000)
  eden space 21504K, 0% used [0x000000076b000000,0x000000076b000000,0x000000076c500000)
  from space 6144K, 99% used [0x000000076c500000,0x000000076cafa5f0,0x000000076cb00000)
  to   space 8704K, 0% used [0x000000076cd80000,0x000000076cd80000,0x000000076d600000)
 ParOldGen       total 12288K, used 8702K [0x00000006c1000000, 0x00000006c1c00000, 0x000000076b000000)
  object space 12288K, 70% used [0x00000006c1000000,0x00000006c187fa10,0x00000006c1c00000)
 Metaspace       used 7637K, capacity 8468K, committed 8704K, reserved 1056768K
  class space    used 871K, capacity 912K, committed 1024K, reserved 1048576K
}
Event: 0.471 GC heap before
{Heap before GC invocations=11 (full 2):
 PSYoungGen      total 27648K, used 6121K [0x000000076b000000, 0x000000076d600000, 0x00000007c0000000)
  eden space 21504K, 0% used [0x000000076b000000,0x000000076b000000,0x000000076c500000)
  from space 6144K, 99% used [0x000000076c500000,0x000000076cafa5f0,0x000000076cb00000)
  to   space 8704K, 0% used [0x000000076cd80000,0x000000076cd80000,0x000000076d600000)
 ParOldGen       total 12288K, used 8702K [0x00000006c1000000, 0x00000006c1c00000, 0x000000076b000000)
  object space 12288K, 70% used [0x00000006c1000000,0x00000006c187fa10,0x00000006c1c00000)
 Metaspace       used 7637K, capacity 8468K, committed 8704K, reserved 1056768K
  class space    used 871K, capacity 912K, committed 1024K, reserved 1048576K
Event: 0.503 GC heap after
Heap after GC invocations=11 (full 2):
 PSYoungGen      total 27648K, used 1989K [0x000000076b000000, 0x000000076d600000, 0x00000007c0000000)
  eden space 21504K, 0% used [0x000000076b000000,0x000000076b000000,0x000000076c500000)
  from space 6144K, 32% used [0x000000076c500000,0x000000076c6f17b8,0x000000076cb00000)
  to   space 8704K, 0% used [0x000000076cd80000,0x000000076cd80000,0x000000076d600000)
 ParOldGen       total 12288K, used 12256K [0x00000006c1000000, 0x00000006c1c00000, 0x000000076b000000)
  object space 12288K, 99% used [0x00000006c1000000,0x00000006c1bf8360,0x00000006c1c00000)
 Metaspace       used 7637K, capacity 8468K, committed 8704K, reserved 1056768K
  class space    used 871K, capacity 912K, committed 1024K, reserved 1048576K
}
Event: 0.593 GC heap before
{Heap before GC invocations=12 (full 3):
 PSYoungGen      total 27648K, used 23493K [0x000000076b000000, 0x000000076d600000, 0x00000007c0000000)
  eden space 21504K, 100% used [0x000000076b000000,0x000000076c500000,0x000000076c500000)
  from space 6144K, 32% used [0x000000076c500000,0x000000076c6f17b8,0x000000076cb00000)
  to   space 8704K, 0% used [0x000000076cd80000,0x000000076cd80000,0x000000076d600000)
 ParOldGen       total 12288K, used 12256K [0x00000006c1000000, 0x00000006c1c00000, 0x000000076b000000)
  object space 12288K, 99% used [0x00000006c1000000,0x00000006c1bf8360,0x00000006c1c00000)
 Metaspace       used 8014K, capacity 8788K, committed 8960K, reserved 1056768K
  class space    used 884K, capacity 912K, committed 1024K, reserved 1048576K
Event: 0.657 GC heap after
Heap after GC invocations=12 (full 3):
 PSYoungGen      total 27648K, used 10956K [0x000000076b000000, 0x000000076d600000, 0x00000007c0000000)
  eden space 21504K, 50% used [0x000000076b000000,0x000000076bab3278,0x000000076c500000)
  from space 6144K, 0% used [0x000000076c500000,0x000000076c500000,0x000000076cb00000)
  to   space 8704K, 0% used [0x000000076cd80000,0x000000076cd80000,0x000000076d600000)
 ParOldGen       total 12288K, used 12276K [0x00000006c1000000, 0x00000006c1c00000, 0x000000076b000000)
  object space 12288K, 99% used [0x00000006c1000000,0x00000006c1bfd0e8,0x00000006c1c00000)
 Metaspace       used 8014K, capacity 8788K, committed 8960K, reserved 1056768K
  class space    used 884K, capacity 912K, committed 1024K, reserved 1048576K
}

